<?xml version="1.0" encoding="UTF-8"?>
<!-- Generated by org.testng.reporters.JUnitReportReporter -->
<testsuite hostname="DESKTOP-1RLTEAV" failures="0" tests="7" name="testRunner.AddEmployee" time="83.818" errors="0" timestamp="2025-09-01T20:10:32 IST" skipped="0">
  <testcase classname="testRunner.AddEmployee" name="runScenario" time="12.221">
    <system-out>
      <![CDATA[Employee added Success  1000--------1000]]>
    </system-out>
  </testcase> <!-- runScenario -->
  <testcase classname="testRunner.AddEmployee" name="runScenario" time="10.501">
    <system-out>
      <![CDATA[Employee added Success  1002--------1002]]>
    </system-out>
  </testcase> <!-- runScenario -->
  <testcase classname="testRunner.AddEmployee" name="runScenario" time="10.554">
    <system-out>
      <![CDATA[Employee added Success  1001--------1001]]>
    </system-out>
  </testcase> <!-- runScenario -->
  <testcase classname="testRunner.AddEmployee" name="runScenario" time="13.226">
    <system-out>
      <![CDATA[Employee added Success  1005--------1005]]>
    </system-out>
  </testcase> <!-- runScenario -->
  <testcase classname="testRunner.AddEmployee" name="runScenario" time="13.281">
    <system-out>
      <![CDATA[Employee added Success  0999--------0999]]>
    </system-out>
  </testcase> <!-- runScenario -->
  <testcase classname="testRunner.AddEmployee" name="runScenario" time="11.783">
    <system-out>
      <![CDATA[Employee added Success  1004--------1004]]>
    </system-out>
  </testcase> <!-- runScenario -->
  <testcase classname="testRunner.AddEmployee" name="runScenario" time="12.252">
    <system-out>
      <![CDATA[Employee added Success  1003--------1003]]>
    </system-out>
  </testcase> <!-- runScenario -->
  <system-out>
    <![CDATA[Employee added Success  0999--------0999
Employee added Success  1000--------1000
Employee added Success  1001--------1001
Employee added Success  1002--------1002
Employee added Success  1003--------1003
Employee added Success  1004--------1004
Employee added Success  1005--------1005]]>
  </system-out>
</testsuite> <!-- testRunner.AddEmployee -->
