<?xml version="1.0" encoding="UTF-8"?>
<!-- Generated by org.testng.reporters.JUnitReportReporter -->
<testsuite hostname="DESKTOP-1RLTEAV" failures="0" tests="7" name="testRunner.Runner" time="39.435" errors="0" timestamp="2025-09-01T20:10:32 IST" skipped="0">
  <testcase classname="testRunner.Runner" name="runScenario" time="6.395"/>
  <testcase classname="testRunner.Runner" name="runScenario" time="5.475"/>
  <testcase classname="testRunner.Runner" name="runScenario" time="5.471"/>
  <testcase classname="testRunner.Runner" name="runScenario" time="4.950"/>
  <testcase classname="testRunner.Runner" name="runScenario" time="5.515"/>
  <testcase classname="testRunner.Runner" name="runScenario" time="6.245"/>
  <testcase classname="testRunner.Runner" name="runScenario" time="5.384"/>
  <system-out>
    <![CDATA[Employee added Success  0999--------0999
Employee added Success  1000--------1000
Employee added Success  1001--------1001
Employee added Success  1002--------1002
Employee added Success  1003--------1003
Employee added Success  1004--------1004
Employee added Success  1005--------1005]]>
  </system-out>
</testsuite> <!-- testRunner.Runner -->
